{"D:\\Projects\\node-screen-recorder\\src\\services\\token.service.ts": {"path":"D:\\Projects\\node-screen-recorder\\src\\services\\token.service.ts","statementMap":{"0":{"start":{"line":1,"column":0},"end":{"line":1,"column":31}},"1":{"start":{"line":3,"column":28},"end":{"line":5,"column":1}},"2":{"start":{"line":4,"column":2},"end":{"line":4,"column":92}},"3":{"start":{"line":18,"column":9},"end":{"line":18,"column":28}},"4":{"start":{"line":7,"column":29},"end":{"line":11,"column":1}},"5":{"start":{"line":8,"column":2},"end":{"line":10,"column":5}},"6":{"start":{"line":18,"column":30},"end":{"line":18,"column":50}},"7":{"start":{"line":13,"column":44},"end":{"line":16,"column":1}},"8":{"start":{"line":14,"column":18},"end":{"line":14,"column":94}},"9":{"start":{"line":15,"column":2},"end":{"line":15,"column":52}},"10":{"start":{"line":18,"column":52},"end":{"line":18,"column":87}}},"fnMap":{"0":{"name":"(anonymous_1)","decl":{"start":{"line":3,"column":28},"end":{"line":3,"column":29}},"loc":{"start":{"line":3,"column":47},"end":{"line":5,"column":1}}},"1":{"name":"(anonymous_2)","decl":{"start":{"line":7,"column":29},"end":{"line":7,"column":30}},"loc":{"start":{"line":7,"column":48},"end":{"line":11,"column":1}}},"2":{"name":"(anonymous_3)","decl":{"start":{"line":13,"column":44},"end":{"line":13,"column":45}},"loc":{"start":{"line":13,"column":69},"end":{"line":16,"column":1}}}},"branchMap":{"0":{"loc":{"start":{"line":4,"column":34},"end":{"line":4,"column":68}},"type":"binary-expr","locations":[{"start":{"line":4,"column":34},"end":{"line":4,"column":56}},{"start":{"line":4,"column":60},"end":{"line":4,"column":68}}]},"1":{"loc":{"start":{"line":8,"column":34},"end":{"line":8,"column":84}},"type":"binary-expr","locations":[{"start":{"line":8,"column":34},"end":{"line":8,"column":64}},{"start":{"line":8,"column":68},"end":{"line":8,"column":84}}]},"2":{"loc":{"start":{"line":14,"column":43},"end":{"line":14,"column":93}},"type":"binary-expr","locations":[{"start":{"line":14,"column":43},"end":{"line":14,"column":73}},{"start":{"line":14,"column":77},"end":{"line":14,"column":93}}]}},"s":{"0":1,"1":1,"2":3,"3":1,"4":1,"5":2,"6":1,"7":1,"8":1,"9":1,"10":1},"f":{"0":3,"1":2,"2":1},"b":{"0":[3,3],"1":[2,2],"2":[1,1]}}
,"D:\\Projects\\node-screen-recorder\\src\\services\\user.service.ts": {"path":"D:\\Projects\\node-screen-recorder\\src\\services\\user.service.ts","statementMap":{"0":{"start":{"line":1,"column":0},"end":{"line":1,"column":39}},"1":{"start":{"line":3,"column":26},"end":{"line":7,"column":2}},"2":{"start":{"line":3,"column":78},"end":{"line":7,"column":2}},"3":{"start":{"line":4,"column":15},"end":{"line":4,"column":38}},"4":{"start":{"line":6,"column":2},"end":{"line":6,"column":14}},"5":{"start":{"line":3,"column":13},"end":{"line":3,"column":26}},"6":{"start":{"line":9,"column":31},"end":{"line":13,"column":2}},"7":{"start":{"line":9,"column":55},"end":{"line":13,"column":2}},"8":{"start":{"line":10,"column":15},"end":{"line":10,"column":82}},"9":{"start":{"line":12,"column":2},"end":{"line":12,"column":14}},"10":{"start":{"line":9,"column":13},"end":{"line":9,"column":31}}},"fnMap":{"0":{"name":"(anonymous_8)","decl":{"start":{"line":3,"column":26},"end":{"line":3,"column":33}},"loc":{"start":{"line":3,"column":78},"end":{"line":7,"column":2}}},"1":{"name":"(anonymous_9)","decl":{"start":{"line":3,"column":78},"end":{"line":3,"column":null}},"loc":{"start":{"line":3,"column":78},"end":{"line":7,"column":1}}},"2":{"name":"(anonymous_10)","decl":{"start":{"line":9,"column":31},"end":{"line":9,"column":38}},"loc":{"start":{"line":9,"column":55},"end":{"line":13,"column":2}}},"3":{"name":"(anonymous_11)","decl":{"start":{"line":9,"column":55},"end":{"line":9,"column":null}},"loc":{"start":{"line":9,"column":55},"end":{"line":13,"column":1}}}},"branchMap":{},"s":{"0":1,"1":1,"2":4,"3":4,"4":2,"5":1,"6":1,"7":2,"8":2,"9":2,"10":1},"f":{"0":4,"1":4,"2":2,"3":2},"b":{}}
}
