TN:
SF:src\services\token.service.ts
FN:3,(anonymous_1)
FN:7,(anonymous_2)
FN:13,(anonymous_3)
FNF:3
FNH:3
FNDA:3,(anonymous_1)
FNDA:2,(anonymous_2)
FNDA:1,(anonymous_3)
DA:1,1
DA:3,1
DA:4,3
DA:7,1
DA:8,2
DA:13,1
DA:14,1
DA:15,1
DA:18,1
LF:9
LH:9
BRDA:4,0,0,3
BRDA:4,0,1,3
BRDA:8,1,0,2
BRDA:8,1,1,2
BRDA:14,2,0,1
BRDA:14,2,1,1
BRF:6
BRH:6
end_of_record
TN:
SF:src\services\user.service.ts
FN:3,(anonymous_8)
FN:3,(anonymous_9)
FN:9,(anonymous_10)
FN:9,(anonymous_11)
FNF:4
FNH:4
FNDA:4,(anonymous_8)
FNDA:4,(anonymous_9)
FNDA:2,(anonymous_10)
FNDA:2,(anonymous_11)
DA:1,1
DA:3,4
DA:4,4
DA:6,2
DA:9,2
DA:10,2
DA:12,2
LF:7
LH:7
BRF:0
BRH:0
end_of_record
